2024-07-08 19:51:19,749 - INFO - Processing: include\audio.h
2024-07-08 19:51:19,749 - INFO - Processing: include\config.h
2024-07-08 19:51:19,749 - INFO - Processing: include\esp_now_manager.h
2024-07-08 19:51:19,754 - INFO - Processing: include\events.h
2024-07-08 19:51:19,754 - INFO - Processing: include\event_handler.h
2024-07-08 19:51:19,754 - INFO - Processing: include\fingerprint.h
2024-07-08 19:51:19,754 - INFO - Processing: include\gate_control.h
2024-07-08 19:51:19,754 - INFO - Processing: include\icons.h
2024-07-08 19:51:19,755 - INFO - Processing: include\led_control.h
2024-07-08 19:51:19,755 - INFO - Processing: include\logger.h
2024-07-08 19:51:19,755 - INFO - Processing: include\network_manager.h
2024-07-08 19:51:19,755 - INFO - Processing: include\sensors.h
2024-07-08 19:51:19,755 - INFO - Processing: include\ui.h
2024-07-08 19:51:19,755 - INFO - Processing: src\audio.cpp
2024-07-08 19:51:19,755 - INFO - Processing: src\esp_now_manager.cpp
2024-07-08 19:51:19,755 - INFO - Processing: src\events.cpp
2024-07-08 19:51:19,755 - INFO - Processing: src\event_handler.cpp
2024-07-08 19:51:19,755 - INFO - Processing: src\fingerprint.cpp
2024-07-08 19:51:19,755 - INFO - Processing: src\gate_control.cpp
2024-07-08 19:51:19,755 - INFO - Processing: src\led_control.cpp
2024-07-08 19:51:19,755 - INFO - Processing: src\logger.cpp
2024-07-08 19:51:19,755 - INFO - Processing: src\main.cpp
2024-07-08 19:51:19,755 - INFO - Processing: src\network_manager.cpp
2024-07-08 19:51:19,765 - INFO - Processing: src\sensors.cpp
2024-07-08 19:51:19,765 - INFO - Processing: src\ui.cpp
2024-07-08 19:51:19,765 - INFO - Merged text saved to: merged_text.txt
2024-07-08 20:23:45,887 - INFO - Processing: include\audio.h
2024-07-08 20:23:45,887 - INFO - Processing: include\config.h
2024-07-08 20:23:45,887 - INFO - Processing: include\esp_now_manager.h
2024-07-08 20:23:45,887 - INFO - Processing: include\events.h
2024-07-08 20:23:45,887 - INFO - Processing: include\event_handler.h
2024-07-08 20:23:45,887 - INFO - Processing: include\fingerprint.h
2024-07-08 20:23:45,887 - INFO - Processing: include\gate_control.h
2024-07-08 20:23:45,887 - INFO - Processing: include\icons.h
2024-07-08 20:23:45,887 - INFO - Processing: include\led_control.h
2024-07-08 20:23:45,887 - INFO - Processing: include\logger.h
2024-07-08 20:23:45,887 - INFO - Processing: include\network_manager.h
2024-07-08 20:23:45,887 - INFO - Processing: include\sensors.h
2024-07-08 20:23:45,887 - INFO - Processing: include\ui.h
2024-07-08 20:23:45,887 - INFO - Processing: src\audio.cpp
2024-07-08 20:23:45,887 - INFO - Processing: src\esp_now_manager.cpp
2024-07-08 20:23:45,887 - INFO - Processing: src\events.cpp
2024-07-08 20:23:45,895 - INFO - Processing: src\event_handler.cpp
2024-07-08 20:23:45,895 - INFO - Processing: src\fingerprint.cpp
2024-07-08 20:23:45,895 - INFO - Processing: src\gate_control.cpp
2024-07-08 20:23:45,895 - INFO - Processing: src\led_control.cpp
2024-07-08 20:23:45,895 - INFO - Processing: src\logger.cpp
2024-07-08 20:23:45,895 - INFO - Processing: src\main.cpp
2024-07-08 20:23:45,895 - INFO - Processing: src\network_manager.cpp
2024-07-08 20:23:45,895 - INFO - Processing: src\sensors.cpp
2024-07-08 20:23:45,895 - INFO - Processing: src\ui.cpp
2024-07-08 20:23:45,895 - INFO - Merged text saved to: merged_text.txt
2024-07-08 20:31:23,495 - INFO - Processing: include\audio.h
2024-07-08 20:31:23,496 - INFO - Processing: include\config.h
2024-07-08 20:31:23,496 - INFO - Processing: include\esp_now_manager.h
2024-07-08 20:31:23,496 - INFO - Processing: include\events.h
2024-07-08 20:31:23,496 - INFO - Processing: include\event_handler.h
2024-07-08 20:31:23,497 - INFO - Processing: include\fingerprint.h
2024-07-08 20:31:23,497 - INFO - Processing: include\gate_control.h
2024-07-08 20:31:23,497 - INFO - Processing: include\icons.h
2024-07-08 20:31:23,497 - INFO - Processing: include\led_control.h
2024-07-08 20:31:23,498 - INFO - Processing: include\logger.h
2024-07-08 20:31:23,498 - INFO - Processing: include\network_manager.h
2024-07-08 20:31:23,498 - INFO - Processing: include\sensors.h
2024-07-08 20:31:23,498 - INFO - Processing: include\ui.h
2024-07-08 20:31:23,500 - INFO - Processing: src\audio.cpp
2024-07-08 20:31:23,500 - INFO - Processing: src\esp_now_manager.cpp
2024-07-08 20:31:23,500 - INFO - Processing: src\events.cpp
2024-07-08 20:31:23,500 - INFO - Processing: src\event_handler.cpp
2024-07-08 20:31:23,500 - INFO - Processing: src\fingerprint.cpp
2024-07-08 20:31:23,500 - INFO - Processing: src\gate_control.cpp
2024-07-08 20:31:23,501 - INFO - Processing: src\led_control.cpp
2024-07-08 20:31:23,501 - INFO - Processing: src\logger.cpp
2024-07-08 20:31:23,501 - INFO - Processing: src\main.cpp
2024-07-08 20:31:23,501 - INFO - Processing: src\network_manager.cpp
2024-07-08 20:31:23,501 - INFO - Processing: src\sensors.cpp
2024-07-08 20:31:23,502 - INFO - Processing: src\ui.cpp
2024-07-08 20:31:23,502 - INFO - Merged text saved to: merged_text.txt
2024-07-08 20:40:43,778 - INFO - Processing: include\audio.h
2024-07-08 20:40:43,778 - INFO - Processing: include\config.h
2024-07-08 20:40:43,779 - INFO - Processing: include\esp_now_manager.h
2024-07-08 20:40:43,779 - INFO - Processing: include\events.h
2024-07-08 20:40:43,779 - INFO - Processing: include\event_handler.h
2024-07-08 20:40:43,779 - INFO - Processing: include\fingerprint.h
2024-07-08 20:40:43,780 - INFO - Processing: include\gate.h
2024-07-08 20:40:43,780 - INFO - Processing: include\icons.h
2024-07-08 20:40:43,780 - INFO - Processing: include\led_control.h
2024-07-08 20:40:43,780 - INFO - Processing: include\logger.h
2024-07-08 20:40:43,780 - INFO - Processing: include\network_manager.h
2024-07-08 20:40:43,780 - INFO - Processing: include\pir.h
2024-07-08 20:40:43,780 - INFO - Processing: include\ui.h
2024-07-08 20:40:43,781 - INFO - Processing: src\audio.cpp
2024-07-08 20:40:43,781 - INFO - Processing: src\esp_now_manager.cpp
2024-07-08 20:40:43,782 - INFO - Processing: src\events.cpp
2024-07-08 20:40:43,782 - INFO - Processing: src\event_handler.cpp
2024-07-08 20:40:43,783 - INFO - Processing: src\fingerprint.cpp
2024-07-08 20:40:43,783 - INFO - Processing: src\gate.cpp
2024-07-08 20:40:43,783 - INFO - Processing: src\led_control.cpp
2024-07-08 20:40:43,783 - INFO - Processing: src\logger.cpp
2024-07-08 20:40:43,784 - INFO - Processing: src\main.cpp
2024-07-08 20:40:43,784 - INFO - Processing: src\network_manager.cpp
2024-07-08 20:40:43,785 - INFO - Processing: src\pir.cpp
2024-07-08 20:40:43,785 - INFO - Processing: src\ui.cpp
2024-07-08 20:40:43,786 - INFO - Merged text saved to: merged_text.txt
2024-07-08 20:44:50,824 - INFO - Processing: include\audio.h
2024-07-08 20:44:50,824 - INFO - Processing: include\config.h
2024-07-08 20:44:50,824 - INFO - Processing: include\esp_now_manager.h
2024-07-08 20:44:50,824 - INFO - Processing: include\events.h
2024-07-08 20:44:50,824 - INFO - Processing: include\event_handler.h
2024-07-08 20:44:50,825 - INFO - Processing: include\fingerprint.h
2024-07-08 20:44:50,825 - INFO - Processing: include\gate.h
2024-07-08 20:44:50,825 - INFO - Processing: include\icons.h
2024-07-08 20:44:50,825 - INFO - Processing: include\led.h
2024-07-08 20:44:50,825 - INFO - Processing: include\logger.h
2024-07-08 20:44:50,825 - INFO - Processing: include\network_manager.h
2024-07-08 20:44:50,825 - INFO - Processing: include\pir.h
2024-07-08 20:44:50,826 - INFO - Processing: include\ui.h
2024-07-08 20:44:50,826 - INFO - Processing: src\audio.cpp
2024-07-08 20:44:50,826 - INFO - Processing: src\esp_now_manager.cpp
2024-07-08 20:44:50,826 - INFO - Processing: src\events.cpp
2024-07-08 20:44:50,826 - INFO - Processing: src\event_handler.cpp
2024-07-08 20:44:50,826 - INFO - Processing: src\fingerprint.cpp
2024-07-08 20:44:50,826 - INFO - Processing: src\gate.cpp
2024-07-08 20:44:50,826 - INFO - Processing: src\led.cpp
2024-07-08 20:44:50,826 - INFO - Processing: src\logger.cpp
2024-07-08 20:44:50,826 - INFO - Processing: src\main.cpp
2024-07-08 20:44:50,826 - INFO - Processing: src\network_manager.cpp
2024-07-08 20:44:50,826 - INFO - Processing: src\pir.cpp
2024-07-08 20:44:50,826 - INFO - Processing: src\ui.cpp
2024-07-08 20:44:50,826 - INFO - Merged text saved to: merged_text.txt
2024-07-08 20:47:16,052 - INFO - Processing: include\audio.h
2024-07-08 20:47:16,053 - INFO - Processing: include\config.h
2024-07-08 20:47:16,053 - INFO - Processing: include\esp_now_manager.h
2024-07-08 20:47:16,053 - INFO - Processing: include\events.h
2024-07-08 20:47:16,053 - INFO - Processing: include\event_handler.h
2024-07-08 20:47:16,054 - INFO - Processing: include\fingerprint.h
2024-07-08 20:47:16,054 - INFO - Processing: include\gate.h
2024-07-08 20:47:16,054 - INFO - Processing: include\icons.h
2024-07-08 20:47:16,054 - INFO - Processing: include\led.h
2024-07-08 20:47:16,054 - INFO - Processing: include\logger.h
2024-07-08 20:47:16,055 - INFO - Processing: include\network_manager.h
2024-07-08 20:47:16,055 - INFO - Processing: include\pir.h
2024-07-08 20:47:16,055 - INFO - Processing: include\ui.h
2024-07-08 20:47:16,055 - INFO - Processing: src\audio.cpp
2024-07-08 20:47:16,055 - INFO - Processing: src\esp_now_manager.cpp
2024-07-08 20:47:16,055 - INFO - Processing: src\events.cpp
2024-07-08 20:47:16,055 - INFO - Processing: src\event_handler.cpp
2024-07-08 20:47:16,056 - INFO - Processing: src\fingerprint.cpp
2024-07-08 20:47:16,056 - INFO - Processing: src\gate.cpp
2024-07-08 20:47:16,056 - INFO - Processing: src\led.cpp
2024-07-08 20:47:16,056 - INFO - Processing: src\logger.cpp
2024-07-08 20:47:16,056 - INFO - Processing: src\main.cpp
2024-07-08 20:47:16,056 - INFO - Processing: src\network_manager.cpp
2024-07-08 20:47:16,056 - INFO - Processing: src\pir.cpp
2024-07-08 20:47:16,056 - INFO - Processing: src\ui.cpp
2024-07-08 20:47:16,057 - INFO - Merged text saved to: merged_text.txt
2024-07-08 21:25:00,567 - INFO - Processing: include\audio.h
2024-07-08 21:25:00,568 - INFO - Processing: include\config.h
2024-07-08 21:25:00,570 - INFO - Processing: include\esp_now_manager.h
2024-07-08 21:25:00,570 - INFO - Processing: include\events.h
2024-07-08 21:25:00,571 - INFO - Processing: include\event_handler.h
2024-07-08 21:25:00,571 - INFO - Processing: include\fingerprint.h
2024-07-08 21:25:00,572 - INFO - Processing: include\gate.h
2024-07-08 21:25:00,572 - INFO - Processing: include\icons.h
2024-07-08 21:25:00,573 - INFO - Processing: include\led.h
2024-07-08 21:25:00,574 - INFO - Processing: include\logger.h
2024-07-08 21:25:00,575 - INFO - Processing: include\network_manager.h
2024-07-08 21:25:00,575 - INFO - Processing: include\pir.h
2024-07-08 21:25:00,575 - INFO - Processing: include\ui.h
2024-07-08 21:25:00,576 - INFO - Processing: src\audio.cpp
2024-07-08 21:25:00,576 - INFO - Processing: src\esp_now_manager.cpp
2024-07-08 21:25:00,576 - INFO - Processing: src\events.cpp
2024-07-08 21:25:00,577 - INFO - Processing: src\event_handler.cpp
2024-07-08 21:25:00,577 - INFO - Processing: src\fingerprint.cpp
2024-07-08 21:25:00,578 - INFO - Processing: src\gate.cpp
2024-07-08 21:25:00,578 - INFO - Processing: src\led.cpp
2024-07-08 21:25:00,578 - INFO - Processing: src\logger.cpp
2024-07-08 21:25:00,579 - INFO - Processing: src\main.cpp
2024-07-08 21:25:00,579 - INFO - Processing: src\network_manager.cpp
2024-07-08 21:25:00,581 - INFO - Processing: src\pir.cpp
2024-07-08 21:25:00,581 - INFO - Processing: src\ui.cpp
2024-07-08 21:25:00,582 - INFO - Merged text saved to: merged_text.txt
2024-07-08 23:01:35,690 - INFO - Processing: include\audio.h
2024-07-08 23:01:35,690 - INFO - Processing: include\config.h
2024-07-08 23:01:35,690 - INFO - Processing: include\esp_now_manager.h
2024-07-08 23:01:35,690 - INFO - Processing: include\events.h
2024-07-08 23:01:35,690 - INFO - Processing: include\event_handler.h
2024-07-08 23:01:35,690 - INFO - Processing: include\fingerprint.h
2024-07-08 23:01:35,690 - INFO - Processing: include\gate.h
2024-07-08 23:01:35,690 - INFO - Processing: include\icons.h
2024-07-08 23:01:35,690 - INFO - Processing: include\led.h
2024-07-08 23:01:35,690 - INFO - Processing: include\logger.h
2024-07-08 23:01:35,690 - INFO - Processing: include\network_manager.h
2024-07-08 23:01:35,690 - INFO - Processing: include\pir.h
2024-07-08 23:01:35,690 - INFO - Processing: include\ui.h
2024-07-08 23:01:35,690 - INFO - Processing: src\audio.cpp
2024-07-08 23:01:35,690 - INFO - Processing: src\esp_now_manager.cpp
2024-07-08 23:01:35,690 - INFO - Processing: src\events.cpp
2024-07-08 23:01:35,690 - INFO - Processing: src\event_handler.cpp
2024-07-08 23:01:35,690 - INFO - Processing: src\fingerprint.cpp
2024-07-08 23:01:35,690 - INFO - Processing: src\gate.cpp
2024-07-08 23:01:35,690 - INFO - Processing: src\led.cpp
2024-07-08 23:01:35,690 - INFO - Processing: src\logger.cpp
2024-07-08 23:01:35,690 - INFO - Processing: src\main.cpp
2024-07-08 23:01:35,690 - INFO - Processing: src\network_manager.cpp
2024-07-08 23:01:35,690 - INFO - Processing: src\pir.cpp
2024-07-08 23:01:35,699 - INFO - Processing: src\ui.cpp
2024-07-08 23:01:35,699 - INFO - Merged text saved to: merged_text.txt
2024-07-09 10:49:04,998 - INFO - Processing: include\audio.h
2024-07-09 10:49:05,002 - INFO - Processing: include\config.h
2024-07-09 10:49:05,002 - INFO - Processing: include\esp_now_manager.h
2024-07-09 10:49:05,002 - INFO - Processing: include\events.h
2024-07-09 10:49:05,002 - INFO - Processing: include\event_handler.h
2024-07-09 10:49:05,002 - INFO - Processing: include\fingerprint.h
2024-07-09 10:49:05,002 - INFO - Processing: include\gate.h
2024-07-09 10:49:05,002 - INFO - Processing: include\icons.h
2024-07-09 10:49:05,002 - INFO - Processing: include\led.h
2024-07-09 10:49:05,002 - INFO - Processing: include\logger.h
2024-07-09 10:49:05,002 - INFO - Processing: include\network_manager.h
2024-07-09 10:49:05,002 - INFO - Processing: include\pir.h
2024-07-09 10:49:05,002 - INFO - Processing: include\ui.h
2024-07-09 10:49:05,002 - INFO - Processing: src\audio.cpp
2024-07-09 10:49:05,002 - INFO - Processing: src\esp_now_manager.cpp
2024-07-09 10:49:05,002 - INFO - Processing: src\events.cpp
2024-07-09 10:49:05,002 - INFO - Processing: src\event_handler.cpp
2024-07-09 10:49:05,002 - INFO - Processing: src\fingerprint.cpp
2024-07-09 10:49:05,002 - INFO - Processing: src\gate.cpp
2024-07-09 10:49:05,002 - INFO - Processing: src\led.cpp
2024-07-09 10:49:05,002 - INFO - Processing: src\logger.cpp
2024-07-09 10:49:05,002 - INFO - Processing: src\main.cpp
2024-07-09 10:49:05,002 - INFO - Processing: src\network_manager.cpp
2024-07-09 10:49:05,018 - INFO - Processing: src\pir.cpp
2024-07-09 10:49:05,018 - INFO - Processing: src\ui.cpp
2024-07-09 10:49:05,018 - INFO - Merged text saved to: merged_text.txt
2024-07-10 11:52:19,651 - INFO - Processing: main.py
2024-07-10 11:52:19,668 - INFO - Merged text saved to: merged_text.txt
2024-07-10 11:52:25,460 - INFO - Processing: include\audio.h
2024-07-10 11:52:25,460 - INFO - Processing: include\config.h
2024-07-10 11:52:25,460 - INFO - Processing: include\esp_now_manager.h
2024-07-10 11:52:25,460 - INFO - Processing: include\events.h
2024-07-10 11:52:25,460 - INFO - Processing: include\event_handler.h
2024-07-10 11:52:25,460 - INFO - Processing: include\fingerprint.h
2024-07-10 11:52:25,460 - INFO - Processing: include\gate.h
2024-07-10 11:52:25,460 - INFO - Processing: include\icons.h
2024-07-10 11:52:25,460 - INFO - Processing: include\led.h
2024-07-10 11:52:25,460 - INFO - Processing: include\logger.h
2024-07-10 11:52:25,460 - INFO - Processing: include\network_manager.h
2024-07-10 11:52:25,460 - INFO - Processing: include\pir.h
2024-07-10 11:52:25,460 - INFO - Processing: include\ui.h
2024-07-10 11:52:25,460 - INFO - Processing: src\audio.cpp
2024-07-10 11:52:25,460 - INFO - Processing: src\esp_now_manager.cpp
2024-07-10 11:52:25,460 - INFO - Processing: src\events.cpp
2024-07-10 11:52:25,460 - INFO - Processing: src\event_handler.cpp
2024-07-10 11:52:25,460 - INFO - Processing: src\fingerprint.cpp
2024-07-10 11:52:25,460 - INFO - Processing: src\gate.cpp
2024-07-10 11:52:25,460 - INFO - Processing: src\led.cpp
2024-07-10 11:52:25,460 - INFO - Processing: src\logger.cpp
2024-07-10 11:52:25,460 - INFO - Processing: src\main.cpp
2024-07-10 11:52:25,475 - INFO - Processing: src\network_manager.cpp
2024-07-10 11:52:25,475 - INFO - Processing: src\pir.cpp
2024-07-10 11:52:25,475 - INFO - Processing: src\ui.cpp
2024-07-10 11:52:25,475 - INFO - Merged text saved to: merged_text.txt
2024-07-10 11:52:48,583 - INFO - Processing: include\audio.h
2024-07-10 11:52:48,599 - INFO - Processing: include\config.h
2024-07-10 11:52:48,599 - INFO - Processing: include\esp_now_manager.h
2024-07-10 11:52:48,601 - INFO - Processing: include\events.h
2024-07-10 11:52:48,601 - INFO - Processing: include\event_handler.h
2024-07-10 11:52:48,601 - INFO - Processing: include\fingerprint.h
2024-07-10 11:52:48,601 - INFO - Processing: include\gate.h
2024-07-10 11:52:48,601 - INFO - Processing: include\icons.h
2024-07-10 11:52:48,601 - INFO - Processing: include\led.h
2024-07-10 11:52:48,601 - INFO - Processing: include\logger.h
2024-07-10 11:52:48,601 - INFO - Processing: include\network_manager.h
2024-07-10 11:52:48,601 - INFO - Processing: include\pir.h
2024-07-10 11:52:48,601 - INFO - Processing: include\ui.h
2024-07-10 11:52:48,601 - INFO - Processing: src\audio.cpp
2024-07-10 11:52:48,601 - INFO - Processing: src\esp_now_manager.cpp
2024-07-10 11:52:48,601 - INFO - Processing: src\events.cpp
2024-07-10 11:52:48,601 - INFO - Processing: src\event_handler.cpp
2024-07-10 11:52:48,601 - INFO - Processing: src\fingerprint.cpp
2024-07-10 11:52:48,601 - INFO - Processing: src\gate.cpp
2024-07-10 11:52:48,601 - INFO - Processing: src\led.cpp
2024-07-10 11:52:48,601 - INFO - Processing: src\logger.cpp
2024-07-10 11:52:48,601 - INFO - Processing: src\main.cpp
2024-07-10 11:52:48,601 - INFO - Processing: src\network_manager.cpp
2024-07-10 11:52:48,601 - INFO - Processing: src\pir.cpp
2024-07-10 11:52:48,601 - INFO - Processing: src\ui.cpp
2024-07-10 11:52:48,601 - INFO - Merged text saved to: merged_text.txt
2024-07-10 18:08:48,146 - INFO - Processing: include\audio.h
2024-07-10 18:08:48,146 - INFO - Processing: include\config.h
2024-07-10 18:08:48,146 - INFO - Processing: include\esp_now_manager.h
2024-07-10 18:08:48,146 - INFO - Processing: include\events.h
2024-07-10 18:08:48,146 - INFO - Processing: include\event_handler.h
2024-07-10 18:08:48,146 - INFO - Processing: include\fingerprint.h
2024-07-10 18:08:48,146 - INFO - Processing: include\gate.h
2024-07-10 18:08:48,153 - INFO - Processing: include\icons.h
2024-07-10 18:08:48,153 - INFO - Processing: include\led.h
2024-07-10 18:08:48,153 - INFO - Processing: include\logger.h
2024-07-10 18:08:48,153 - INFO - Processing: include\network_manager.h
2024-07-10 18:08:48,153 - INFO - Processing: include\pir.h
2024-07-10 18:08:48,153 - INFO - Processing: include\ui.h
2024-07-10 18:08:48,153 - INFO - Processing: src\audio.cpp
2024-07-10 18:08:48,153 - INFO - Processing: src\esp_now_manager.cpp
2024-07-10 18:08:48,153 - INFO - Processing: src\events.cpp
2024-07-10 18:08:48,153 - INFO - Processing: src\event_handler.cpp
2024-07-10 18:08:48,153 - INFO - Processing: src\fingerprint.cpp
2024-07-10 18:08:48,153 - INFO - Processing: src\gate.cpp
2024-07-10 18:08:48,153 - INFO - Processing: src\led.cpp
2024-07-10 18:08:48,153 - INFO - Processing: src\logger.cpp
2024-07-10 18:08:48,153 - INFO - Processing: src\main.cpp
2024-07-10 18:08:48,153 - INFO - Processing: src\network_manager.cpp
2024-07-10 18:08:48,153 - INFO - Processing: src\pir.cpp
2024-07-10 18:08:48,153 - INFO - Processing: src\ui.cpp
2024-07-10 18:08:48,153 - INFO - Merged text saved to: merged_text.txt
2024-07-11 17:10:09,950 - INFO - Processing: include\audio.h
2024-07-11 17:10:09,951 - INFO - Processing: include\config.h
2024-07-11 17:10:09,951 - INFO - Processing: include\esp_now_manager.h
2024-07-11 17:10:09,952 - INFO - Processing: include\events.h
2024-07-11 17:10:09,952 - INFO - Processing: include\event_handler.h
2024-07-11 17:10:09,952 - INFO - Processing: include\fingerprint.h
2024-07-11 17:10:09,953 - INFO - Processing: include\gate.h
2024-07-11 17:10:09,953 - INFO - Processing: include\icons.h
2024-07-11 17:10:09,953 - INFO - Processing: include\led.h
2024-07-11 17:10:09,954 - INFO - Processing: include\logger.h
2024-07-11 17:10:09,954 - INFO - Processing: include\network_manager.h
2024-07-11 17:10:09,954 - INFO - Processing: include\pir.h
2024-07-11 17:10:09,954 - INFO - Processing: include\ui.h
2024-07-11 17:10:09,954 - INFO - Processing: src\audio.cpp
2024-07-11 17:10:09,954 - INFO - Processing: src\esp_now_manager.cpp
2024-07-11 17:10:09,955 - INFO - Processing: src\events.cpp
2024-07-11 17:10:09,956 - INFO - Processing: src\event_handler.cpp
2024-07-11 17:10:09,957 - INFO - Processing: src\fingerprint.cpp
2024-07-11 17:10:09,958 - INFO - Processing: src\gate.cpp
2024-07-11 17:10:09,960 - INFO - Processing: src\led.cpp
2024-07-11 17:10:09,961 - INFO - Processing: src\logger.cpp
2024-07-11 17:10:09,961 - INFO - Processing: src\main.cpp
2024-07-11 17:10:09,963 - INFO - Processing: src\network_manager.cpp
2024-07-11 17:10:09,964 - INFO - Processing: src\pir.cpp
2024-07-11 17:10:09,966 - INFO - Processing: src\ui.cpp
2024-07-11 17:10:09,968 - INFO - Merged text saved to: merged_text.txt
